<?xml version='1.0'?>
<ns2:test-suite xmlns:ns2='urn:model.allure.qatools.yandex.ru' start='1625735118686' stop='1625735128849'>
    <name>Ordering the Product</name>
    <title>Ordering the Product</title>
    <test-cases>
        <test-case start='1625735118686' status='passed' stop='1625735125791'>
            <name>"before all" hook for Ordering the Product</name>
            <title>"before all" hook for Ordering the Product</title>
            <labels>
                <label name='language' value='javascript'/>
                <label name='framework' value='wdio'/>
                <label name='thread' value='0-0'/>
            </labels>
            <parameters>
                <parameter kind='argument' name='browser' value='chrome'/>
            </parameters>
            <steps>
                <step start='1625735122706' status='passed' stop='1625735123389'>
                    <name>POST /session/:sessionId/window/maximize</name>
                    <title>POST /session/:sessionId/window/maximize</title>
                    <attachments>
                        <attachment title='Response' source='a107dab3-f658-434c-8284-9a192c169043-attachment.json' type='application/json' size='58'/>
                    </attachments>
                    <steps/>
                </step>
                <step start='1625735123585' status='passed' stop='1625735125790'>
                    <name>POST /session/:sessionId/url</name>
                    <title>POST /session/:sessionId/url</title>
                    <attachments>
                        <attachment title='Request' source='51e41138-d20d-4702-a658-74e6cde5982b-attachment.json' type='application/json' size='41'/>
                    </attachments>
                    <steps/>
                </step>
            </steps>
            <attachments/>
        </test-case>
        <test-case start='1625735125792' status='passed' stop='1625735126811'>
            <name>Login Functionality </name>
            <title>Login Functionality </title>
            <labels>
                <label name='language' value='javascript'/>
                <label name='framework' value='wdio'/>
                <label name='thread' value='0-0'/>
            </labels>
            <parameters>
                <parameter kind='argument' name='browser' value='chrome'/>
            </parameters>
            <steps>
                <step start='1625735125796' status='passed' stop='1625735125827'>
                    <name>POST /session/:sessionId/element</name>
                    <title>POST /session/:sessionId/element</title>
                    <attachments>
                        <attachment title='Request' source='de80da0c-3fc8-4a75-9e6c-3373f1260bf3-attachment.json' type='application/json' size='54'/>
                        <attachment title='Response' source='d1e84a66-b50d-4431-aef3-ee603e4336d1-attachment.json' type='application/json' size='83'/>
                    </attachments>
                    <steps/>
                </step>
                <step start='1625735125840' status='passed' stop='1625735125877'>
                    <name>POST /session/:sessionId/element/7eefb307-1e34-4247-ae17-3e23f1ab25d1/clear</name>
                    <title>POST /session/:sessionId/element/7eefb307-1e34-4247-ae17-3e23f1ab25d1/clear</title>
                    <attachments/>
                    <steps/>
                </step>
                <step start='1625735125975' status='passed' stop='1625735126274'>
                    <name>POST /session/:sessionId/element/7eefb307-1e34-4247-ae17-3e23f1ab25d1/value</name>
                    <title>POST /session/:sessionId/element/7eefb307-1e34-4247-ae17-3e23f1ab25d1/value</title>
                    <attachments>
                        <attachment title='Request' source='192562f4-baad-4db0-b5da-06641f7e7ac9-attachment.json' type='application/json' size='29'/>
                    </attachments>
                    <steps/>
                </step>
                <step start='1625735126275' status='passed' stop='1625735126293'>
                    <name>POST /session/:sessionId/element</name>
                    <title>POST /session/:sessionId/element</title>
                    <attachments>
                        <attachment title='Request' source='4341e2d8-8b70-4471-a810-c5e8487382e8-attachment.json' type='application/json' size='53'/>
                        <attachment title='Response' source='5d1f2931-355e-452d-a982-79ab0fc2755d-attachment.json' type='application/json' size='83'/>
                    </attachments>
                    <steps/>
                </step>
                <step start='1625735126298' status='passed' stop='1625735126332'>
                    <name>POST /session/:sessionId/element/5ce481fa-9ebd-462d-a1c9-1c451b95d0b3/clear</name>
                    <title>POST /session/:sessionId/element/5ce481fa-9ebd-462d-a1c9-1c451b95d0b3/clear</title>
                    <attachments/>
                    <steps/>
                </step>
                <step start='1625735126332' status='passed' stop='1625735126400'>
                    <name>POST /session/:sessionId/element/5ce481fa-9ebd-462d-a1c9-1c451b95d0b3/value</name>
                    <title>POST /session/:sessionId/element/5ce481fa-9ebd-462d-a1c9-1c451b95d0b3/value</title>
                    <attachments>
                        <attachment title='Request' source='a3d8e72e-77d6-4e81-b3f1-0ee50469d8ac-attachment.json' type='application/json' size='28'/>
                    </attachments>
                    <steps/>
                </step>
                <step start='1625735126401' status='passed' stop='1625735126627'>
                    <name>POST /session/:sessionId/element</name>
                    <title>POST /session/:sessionId/element</title>
                    <attachments>
                        <attachment title='Request' source='810e7dae-7cce-4b4b-9049-b424ca2c1e14-attachment.json' type='application/json' size='57'/>
                        <attachment title='Response' source='9a03f488-2e6f-4a9a-8d29-da295e3a0a09-attachment.json' type='application/json' size='83'/>
                    </attachments>
                    <steps/>
                </step>
                <step start='1625735126633' status='passed' stop='1625735126810'>
                    <name>POST /session/:sessionId/element/60756fd5-b81b-4292-a61b-11cd3ab5a2af/click</name>
                    <title>POST /session/:sessionId/element/60756fd5-b81b-4292-a61b-11cd3ab5a2af/click</title>
                    <attachments/>
                    <steps/>
                </step>
            </steps>
            <attachments/>
        </test-case>
        <test-case start='1625735126811' status='broken' stop='1625735127384'>
            <name>Add cart to checkout</name>
            <title>Add cart to checkout</title>
            <labels>
                <label name='language' value='javascript'/>
                <label name='framework' value='wdio'/>
                <label name='thread' value='0-0'/>
            </labels>
            <parameters>
                <parameter kind='argument' name='browser' value='chrome'/>
            </parameters>
            <steps>
                <step start='1625735126812' status='passed' stop='1625735127287'>
                    <name>POST /session/:sessionId/elements</name>
                    <title>POST /session/:sessionId/elements</title>
                    <attachments>
                        <attachment title='Request' source='f7628c79-3658-40a4-bc10-ee8d2ae36a6a-attachment.json' type='application/json' size='84'/>
                        <attachment title='Response' source='c016992f-32d6-49ac-88d5-4733ef774457-attachment.json' type='application/json' size='2'/>
                    </attachments>
                    <steps/>
                </step>
            </steps>
            <attachments/>
            <failure>
                <message>Cannot read property 'click' of undefined</message>
                <stack-trace>TypeError: Cannot read property 'click' of undefined
                    at button_ (F:\Automation\Test\test\utilites\helper.js:19:7)
                    at Context.&lt;anonymous> (F:\Automation\Test\test\specs\practice.js:22:9)
                    at Context.executeSync (F:\Automation\Test\node_modules\@wdio\sync\build\index.js:25:22)
                    at F:\Automation\Test\node_modules\@wdio\sync\build\index.js:46:68</stack-trace>
            </failure>
        </test-case>
        <test-case start='1625735127385' status='failed' stop='1625735128514'>
            <name>Entering Information</name>
            <title>Entering Information</title>
            <labels>
                <label name='language' value='javascript'/>
                <label name='framework' value='wdio'/>
                <label name='thread' value='0-0'/>
            </labels>
            <parameters>
                <parameter kind='argument' name='browser' value='chrome'/>
            </parameters>
            <steps>
                <step start='1625735127386' status='passed' stop='1625735127562'>
                    <name>POST /session/:sessionId/element</name>
                    <title>POST /session/:sessionId/element</title>
                    <attachments>
                        <attachment title='Request' source='5aa0c886-8f4d-4ed0-b6c9-356a6762bb3c-attachment.json' type='application/json' size='71'/>
                        <attachment title='Response' source='20817b63-0a0a-4d9d-ade8-b0e679ab382a-attachment.json' type='application/json' size='83'/>
                    </attachments>
                    <steps/>
                </step>
                <step start='1625735127567' status='passed' stop='1625735128348'>
                    <name>GET /session/:sessionId/element/de91f3fb-a720-43ba-a4cc-381672186ac1/text</name>
                    <title>GET /session/:sessionId/element/de91f3fb-a720-43ba-a4cc-381672186ac1/text</title>
                    <attachments>
                        <attachment title='Response' source='cfb280cb-e422-4962-8770-e77680e7e9a6-attachment.json' type='application/json' size='97'/>
                    </attachments>
                    <steps/>
                </step>
            </steps>
            <attachments/>
            <failure>
                <message>expected 'PRODUCTS\nNAME (A TO Z)\nName (A to Z)\nName (Z to A)\nPrice (low to high)\nPrice (high to low)' to equal 'CHECKOUT: YOUR INFORMATION'</message>
                <stack-trace>AssertionError: expected 'PRODUCTS\nNAME (A TO Z)\nName (A to Z)\nName (Z to A)\nPrice (low to high)\nPrice (high to low)' to equal 'CHECKOUT: YOUR INFORMATION'
                    at check_ (F:\Automation\Test\test\utilites\helper.js:32:28)
                    at Context.&lt;anonymous> (F:\Automation\Test\test\specs\practice.js:30:9)
                    at Context.executeSync (F:\Automation\Test\node_modules\@wdio\sync\build\index.js:25:22)
                    at F:\Automation\Test\node_modules\@wdio\sync\build\index.js:46:68</stack-trace>
            </failure>
        </test-case>
        <test-case start='1625735128514' status='failed' stop='1625735128848'>
            <name>Finish Order</name>
            <title>Finish Order</title>
            <labels>
                <label name='language' value='javascript'/>
                <label name='framework' value='wdio'/>
                <label name='thread' value='0-0'/>
            </labels>
            <parameters>
                <parameter kind='argument' name='browser' value='chrome'/>
            </parameters>
            <steps>
                <step start='1625735128514' status='passed' stop='1625735128802'>
                    <name>POST /session/:sessionId/element</name>
                    <title>POST /session/:sessionId/element</title>
                    <attachments>
                        <attachment title='Request' source='dbdc3666-4059-4e56-a1db-29436c64559a-attachment.json' type='application/json' size='71'/>
                        <attachment title='Response' source='e323ab40-b1e9-4e5b-8bab-c5cd68f128c7-attachment.json' type='application/json' size='83'/>
                    </attachments>
                    <steps/>
                </step>
                <step start='1625735128816' status='passed' stop='1625735128847'>
                    <name>GET /session/:sessionId/element/de91f3fb-a720-43ba-a4cc-381672186ac1/text</name>
                    <title>GET /session/:sessionId/element/de91f3fb-a720-43ba-a4cc-381672186ac1/text</title>
                    <attachments>
                        <attachment title='Response' source='6ec2bc8a-dd23-4b7d-ac23-bfc19ec1e242-attachment.json' type='application/json' size='97'/>
                    </attachments>
                    <steps/>
                </step>
            </steps>
            <attachments/>
            <failure>
                <message>expected 'PRODUCTS\nNAME (A TO Z)\nName (A to Z)\nName (Z to A)\nPrice (low to high)\nPrice (high to low)' to equal 'CHECKOUT: OVERVIEW'</message>
                <stack-trace>AssertionError: expected 'PRODUCTS\nNAME (A TO Z)\nName (A to Z)\nName (Z to A)\nPrice (low to high)\nPrice (high to low)' to equal 'CHECKOUT: OVERVIEW'
                    at check_ (F:\Automation\Test\test\utilites\helper.js:32:28)
                    at Context.&lt;anonymous> (F:\Automation\Test\test\specs\practice.js:38:9)
                    at Context.executeSync (F:\Automation\Test\node_modules\@wdio\sync\build\index.js:25:22)
                    at F:\Automation\Test\node_modules\@wdio\sync\build\index.js:46:68</stack-trace>
            </failure>
        </test-case>
    </test-cases>
</ns2:test-suite>