<?xml version='1.0'?>
<ns2:test-suite xmlns:ns2='urn:model.allure.qatools.yandex.ru' start='1625735228540' stop='1625735234631'>
    <name>Ordering the Product</name>
    <title>Ordering the Product</title>
    <test-cases>
        <test-case start='1625735228541' status='passed' stop='1625735233324'>
            <name>"before all" hook for Ordering the Product</name>
            <title>"before all" hook for Ordering the Product</title>
            <labels>
                <label name='language' value='javascript'/>
                <label name='framework' value='wdio'/>
                <label name='thread' value='0-0'/>
            </labels>
            <parameters>
                <parameter kind='argument' name='browser' value='chrome'/>
            </parameters>
            <steps>
                <step start='1625735228545' status='passed' stop='1625735228736'>
                    <name>POST /session/:sessionId/window/maximize</name>
                    <title>POST /session/:sessionId/window/maximize</title>
                    <attachments>
                        <attachment title='Response' source='1a1f4b84-89cf-4949-99cb-533d9d4d7e68-attachment.json' type='application/json' size='58'/>
                    </attachments>
                    <steps/>
                </step>
                <step start='1625735228740' status='passed' stop='1625735233323'>
                    <name>POST /session/:sessionId/url</name>
                    <title>POST /session/:sessionId/url</title>
                    <attachments>
                        <attachment title='Request' source='52062513-787e-4dff-a17b-e6ce22132e66-attachment.json' type='application/json' size='41'/>
                    </attachments>
                    <steps/>
                </step>
            </steps>
            <attachments/>
        </test-case>
        <test-case start='1625735233324' status='passed' stop='1625735234328'>
            <name>Login Functionality </name>
            <title>Login Functionality </title>
            <labels>
                <label name='language' value='javascript'/>
                <label name='framework' value='wdio'/>
                <label name='thread' value='0-0'/>
            </labels>
            <parameters>
                <parameter kind='argument' name='browser' value='chrome'/>
            </parameters>
            <steps>
                <step start='1625735233331' status='passed' stop='1625735233395'>
                    <name>POST /session/:sessionId/element</name>
                    <title>POST /session/:sessionId/element</title>
                    <attachments>
                        <attachment title='Request' source='ea80c6ef-34ea-481f-891b-008c4b30d103-attachment.json' type='application/json' size='54'/>
                        <attachment title='Response' source='b5e894f6-ae60-46c6-971f-446d4f17b015-attachment.json' type='application/json' size='83'/>
                    </attachments>
                    <steps/>
                </step>
                <step start='1625735233409' status='passed' stop='1625735233489'>
                    <name>POST /session/:sessionId/element/1c21117d-f24c-4617-93de-3709e1905d6b/clear</name>
                    <title>POST /session/:sessionId/element/1c21117d-f24c-4617-93de-3709e1905d6b/clear</title>
                    <attachments/>
                    <steps/>
                </step>
                <step start='1625735233496' status='passed' stop='1625735233636'>
                    <name>POST /session/:sessionId/element/1c21117d-f24c-4617-93de-3709e1905d6b/value</name>
                    <title>POST /session/:sessionId/element/1c21117d-f24c-4617-93de-3709e1905d6b/value</title>
                    <attachments>
                        <attachment title='Request' source='4781a8f5-2e6d-4243-9f13-a96b7dd24bf9-attachment.json' type='application/json' size='29'/>
                    </attachments>
                    <steps/>
                </step>
                <step start='1625735233637' status='passed' stop='1625735233798'>
                    <name>POST /session/:sessionId/element</name>
                    <title>POST /session/:sessionId/element</title>
                    <attachments>
                        <attachment title='Request' source='b7eb9395-9432-4ccf-8f60-4143e3b7da26-attachment.json' type='application/json' size='53'/>
                        <attachment title='Response' source='94e0d9e7-f6b0-4038-9ebb-ce8951feb93b-attachment.json' type='application/json' size='83'/>
                    </attachments>
                    <steps/>
                </step>
                <step start='1625735233809' status='passed' stop='1625735233881'>
                    <name>POST /session/:sessionId/element/91506fe9-d3e3-40cb-876c-0f31164a3c9a/clear</name>
                    <title>POST /session/:sessionId/element/91506fe9-d3e3-40cb-876c-0f31164a3c9a/clear</title>
                    <attachments/>
                    <steps/>
                </step>
                <step start='1625735233883' status='passed' stop='1625735234005'>
                    <name>POST /session/:sessionId/element/91506fe9-d3e3-40cb-876c-0f31164a3c9a/value</name>
                    <title>POST /session/:sessionId/element/91506fe9-d3e3-40cb-876c-0f31164a3c9a/value</title>
                    <attachments>
                        <attachment title='Request' source='69a905b9-46ab-4fc7-b5a2-a8c011e93463-attachment.json' type='application/json' size='28'/>
                    </attachments>
                    <steps/>
                </step>
                <step start='1625735234005' status='passed' stop='1625735234125'>
                    <name>POST /session/:sessionId/element</name>
                    <title>POST /session/:sessionId/element</title>
                    <attachments>
                        <attachment title='Request' source='ca76eb09-89df-4bf4-8a2b-cc19795f4678-attachment.json' type='application/json' size='57'/>
                        <attachment title='Response' source='99f17460-c2dc-44bf-b22a-6dcc4f703550-attachment.json' type='application/json' size='83'/>
                    </attachments>
                    <steps/>
                </step>
                <step start='1625735234133' status='passed' stop='1625735234326'>
                    <name>POST /session/:sessionId/element/e975743c-6af5-487c-b477-7fe53b7ab897/click</name>
                    <title>POST /session/:sessionId/element/e975743c-6af5-487c-b477-7fe53b7ab897/click</title>
                    <attachments/>
                    <steps/>
                </step>
            </steps>
            <attachments/>
        </test-case>
        <test-case start='1625735234329' status='broken' stop='1625735234371'>
            <name>Add cart to checkout</name>
            <title>Add cart to checkout</title>
            <labels>
                <label name='language' value='javascript'/>
                <label name='framework' value='wdio'/>
                <label name='thread' value='0-0'/>
            </labels>
            <parameters>
                <parameter kind='argument' name='browser' value='chrome'/>
            </parameters>
            <steps>
                <step start='1625735234330' status='passed' stop='1625735234362'>
                    <name>POST /session/:sessionId/elements</name>
                    <title>POST /session/:sessionId/elements</title>
                    <attachments>
                        <attachment title='Request' source='b286ca36-8a47-4a24-992d-d5cca908c566-attachment.json' type='application/json' size='84'/>
                        <attachment title='Response' source='4364339c-6711-442a-b7ac-671564e1f4cf-attachment.json' type='application/json' size='2'/>
                    </attachments>
                    <steps/>
                </step>
            </steps>
            <attachments/>
            <failure>
                <message>Cannot read property 'click' of undefined</message>
                <stack-trace>TypeError: Cannot read property 'click' of undefined
                    at button_ (F:\Automation\Test\test\utilites\helper.js:19:7)
                    at Context.&lt;anonymous> (F:\Automation\Test\test\specs\practice.js:22:9)
                    at Context.executeSync (F:\Automation\Test\node_modules\@wdio\sync\build\index.js:25:22)
                    at F:\Automation\Test\node_modules\@wdio\sync\build\index.js:46:68</stack-trace>
            </failure>
        </test-case>
        <test-case start='1625735234372' status='failed' stop='1625735234519'>
            <name>Entering Information</name>
            <title>Entering Information</title>
            <labels>
                <label name='language' value='javascript'/>
                <label name='framework' value='wdio'/>
                <label name='thread' value='0-0'/>
            </labels>
            <parameters>
                <parameter kind='argument' name='browser' value='chrome'/>
            </parameters>
            <steps>
                <step start='1625735234372' status='passed' stop='1625735234467'>
                    <name>POST /session/:sessionId/element</name>
                    <title>POST /session/:sessionId/element</title>
                    <attachments>
                        <attachment title='Request' source='dd8add09-4694-4779-91f5-cd1152cc119c-attachment.json' type='application/json' size='71'/>
                        <attachment title='Response' source='946060c2-89eb-40a4-9faa-d32ef15c5e4b-attachment.json' type='application/json' size='83'/>
                    </attachments>
                    <steps/>
                </step>
                <step start='1625735234473' status='passed' stop='1625735234515'>
                    <name>GET /session/:sessionId/element/e860089e-725b-4fe2-86e8-9f0cbc51b91c/text</name>
                    <title>GET /session/:sessionId/element/e860089e-725b-4fe2-86e8-9f0cbc51b91c/text</title>
                    <attachments>
                        <attachment title='Response' source='d943668e-b400-407b-b4ee-272502d5ead3-attachment.json' type='application/json' size='97'/>
                    </attachments>
                    <steps/>
                </step>
            </steps>
            <attachments/>
            <failure>
                <message>expected 'PRODUCTS\nNAME (A TO Z)\nName (A to Z)\nName (Z to A)\nPrice (low to high)\nPrice (high to low)' to equal 'CHECKOUT: YOUR INFORMATION'</message>
                <stack-trace>AssertionError: expected 'PRODUCTS\nNAME (A TO Z)\nName (A to Z)\nName (Z to A)\nPrice (low to high)\nPrice (high to low)' to equal 'CHECKOUT: YOUR INFORMATION'
                    at check_ (F:\Automation\Test\test\utilites\helper.js:32:28)
                    at Context.&lt;anonymous> (F:\Automation\Test\test\specs\practice.js:30:9)
                    at Context.executeSync (F:\Automation\Test\node_modules\@wdio\sync\build\index.js:25:22)
                    at F:\Automation\Test\node_modules\@wdio\sync\build\index.js:46:68</stack-trace>
            </failure>
        </test-case>
        <test-case start='1625735234520' status='failed' stop='1625735234630'>
            <name>Finish Order</name>
            <title>Finish Order</title>
            <labels>
                <label name='language' value='javascript'/>
                <label name='framework' value='wdio'/>
                <label name='thread' value='0-0'/>
            </labels>
            <parameters>
                <parameter kind='argument' name='browser' value='chrome'/>
            </parameters>
            <steps>
                <step start='1625735234521' status='passed' stop='1625735234542'>
                    <name>POST /session/:sessionId/element</name>
                    <title>POST /session/:sessionId/element</title>
                    <attachments>
                        <attachment title='Request' source='83b467ca-1b7c-4b29-b383-3b34ab31f383-attachment.json' type='application/json' size='71'/>
                        <attachment title='Response' source='7af12746-0d30-42c2-bcdf-5a91b459ee38-attachment.json' type='application/json' size='83'/>
                    </attachments>
                    <steps/>
                </step>
                <step start='1625735234554' status='passed' stop='1625735234629'>
                    <name>GET /session/:sessionId/element/e860089e-725b-4fe2-86e8-9f0cbc51b91c/text</name>
                    <title>GET /session/:sessionId/element/e860089e-725b-4fe2-86e8-9f0cbc51b91c/text</title>
                    <attachments>
                        <attachment title='Response' source='cd7ff467-085f-4446-bada-79f2882f7228-attachment.json' type='application/json' size='97'/>
                    </attachments>
                    <steps/>
                </step>
            </steps>
            <attachments/>
            <failure>
                <message>expected 'PRODUCTS\nNAME (A TO Z)\nName (A to Z)\nName (Z to A)\nPrice (low to high)\nPrice (high to low)' to equal 'CHECKOUT: OVERVIEW'</message>
                <stack-trace>AssertionError: expected 'PRODUCTS\nNAME (A TO Z)\nName (A to Z)\nName (Z to A)\nPrice (low to high)\nPrice (high to low)' to equal 'CHECKOUT: OVERVIEW'
                    at check_ (F:\Automation\Test\test\utilites\helper.js:32:28)
                    at Context.&lt;anonymous> (F:\Automation\Test\test\specs\practice.js:38:9)
                    at Context.executeSync (F:\Automation\Test\node_modules\@wdio\sync\build\index.js:25:22)
                    at F:\Automation\Test\node_modules\@wdio\sync\build\index.js:46:68</stack-trace>
            </failure>
        </test-case>
    </test-cases>
</ns2:test-suite>