<?xml version='1.0'?>
<ns2:test-suite xmlns:ns2='urn:model.allure.qatools.yandex.ru' start='1625737223037' stop='1625737228839'>
    <name>Ordering the Product</name>
    <title>Ordering the Product</title>
    <test-cases>
        <test-case start='1625737223037' status='passed' stop='1625737227792'>
            <name>"before all" hook for Ordering the Product</name>
            <title>"before all" hook for Ordering the Product</title>
            <labels>
                <label name='language' value='javascript'/>
                <label name='framework' value='wdio'/>
                <label name='thread' value='0-0'/>
            </labels>
            <parameters>
                <parameter kind='argument' name='browser' value='chrome'/>
            </parameters>
            <steps>
                <step start='1625737223040' status='passed' stop='1625737223198'>
                    <name>POST /session/:sessionId/window/maximize</name>
                    <title>POST /session/:sessionId/window/maximize</title>
                    <attachments>
                        <attachment title='Response' source='b258999e-0b08-4c39-a10e-53eeddf6dcb6-attachment.json' type='application/json' size='58'/>
                    </attachments>
                    <steps/>
                </step>
                <step start='1625737223201' status='passed' stop='1625737227791'>
                    <name>POST /session/:sessionId/url</name>
                    <title>POST /session/:sessionId/url</title>
                    <attachments>
                        <attachment title='Request' source='f15f1a3a-4eff-4d11-9afa-1d3e62df4bcc-attachment.json' type='application/json' size='41'/>
                    </attachments>
                    <steps/>
                </step>
            </steps>
            <attachments/>
        </test-case>
        <test-case start='1625737227792' status='passed' stop='1625737228312'>
            <name>Login Functionality </name>
            <title>Login Functionality </title>
            <labels>
                <label name='language' value='javascript'/>
                <label name='framework' value='wdio'/>
                <label name='thread' value='0-0'/>
            </labels>
            <parameters>
                <parameter kind='argument' name='browser' value='chrome'/>
            </parameters>
            <steps>
                <step start='1625737227795' status='passed' stop='1625737227863'>
                    <name>POST /session/:sessionId/element</name>
                    <title>POST /session/:sessionId/element</title>
                    <attachments>
                        <attachment title='Request' source='0f7ba44d-c68d-4dcb-8e09-8e0900fa69d5-attachment.json' type='application/json' size='54'/>
                        <attachment title='Response' source='7e7c0a06-e0ba-44c7-9446-b5ca80d4e07e-attachment.json' type='application/json' size='83'/>
                    </attachments>
                    <steps/>
                </step>
                <step start='1625737227875' status='passed' stop='1625737227911'>
                    <name>POST /session/:sessionId/element/60691790-5aed-4c44-9c4a-99923c2a1ba1/clear</name>
                    <title>POST /session/:sessionId/element/60691790-5aed-4c44-9c4a-99923c2a1ba1/clear</title>
                    <attachments/>
                    <steps/>
                </step>
                <step start='1625737227914' status='passed' stop='1625737227988'>
                    <name>POST /session/:sessionId/element/60691790-5aed-4c44-9c4a-99923c2a1ba1/value</name>
                    <title>POST /session/:sessionId/element/60691790-5aed-4c44-9c4a-99923c2a1ba1/value</title>
                    <attachments>
                        <attachment title='Request' source='e0200d04-d0b1-44a0-a1ae-af5f2fe33ad4-attachment.json' type='application/json' size='29'/>
                    </attachments>
                    <steps/>
                </step>
                <step start='1625737227988' status='passed' stop='1625737228005'>
                    <name>POST /session/:sessionId/element</name>
                    <title>POST /session/:sessionId/element</title>
                    <attachments>
                        <attachment title='Request' source='d365575c-bdd4-4e69-a0c1-6723c5b5814b-attachment.json' type='application/json' size='53'/>
                        <attachment title='Response' source='5e6567ea-e9af-4985-82e2-130ce1cb8789-attachment.json' type='application/json' size='83'/>
                    </attachments>
                    <steps/>
                </step>
                <step start='1625737228009' status='passed' stop='1625737228045'>
                    <name>POST /session/:sessionId/element/c283a399-f438-4514-b537-538a1dcc3fbd/clear</name>
                    <title>POST /session/:sessionId/element/c283a399-f438-4514-b537-538a1dcc3fbd/clear</title>
                    <attachments/>
                    <steps/>
                </step>
                <step start='1625737228046' status='passed' stop='1625737228179'>
                    <name>POST /session/:sessionId/element/c283a399-f438-4514-b537-538a1dcc3fbd/value</name>
                    <title>POST /session/:sessionId/element/c283a399-f438-4514-b537-538a1dcc3fbd/value</title>
                    <attachments>
                        <attachment title='Request' source='bab07453-61f5-4fe2-bda0-e516376bda03-attachment.json' type='application/json' size='28'/>
                    </attachments>
                    <steps/>
                </step>
                <step start='1625737228180' status='passed' stop='1625737228198'>
                    <name>POST /session/:sessionId/element</name>
                    <title>POST /session/:sessionId/element</title>
                    <attachments>
                        <attachment title='Request' source='729ad7fd-04f6-404d-afb2-5a6696f2109e-attachment.json' type='application/json' size='57'/>
                        <attachment title='Response' source='fe3f1436-5305-4310-a0dc-7ea236253858-attachment.json' type='application/json' size='83'/>
                    </attachments>
                    <steps/>
                </step>
                <step start='1625737228201' status='passed' stop='1625737228311'>
                    <name>POST /session/:sessionId/element/b307567c-2605-438c-a8f3-215c9989dc56/click</name>
                    <title>POST /session/:sessionId/element/b307567c-2605-438c-a8f3-215c9989dc56/click</title>
                    <attachments/>
                    <steps/>
                </step>
            </steps>
            <attachments/>
        </test-case>
        <test-case start='1625737228312' status='broken' stop='1625737228719'>
            <name>Add cart to checkout</name>
            <title>Add cart to checkout</title>
            <labels>
                <label name='language' value='javascript'/>
                <label name='framework' value='wdio'/>
                <label name='thread' value='0-0'/>
            </labels>
            <parameters>
                <parameter kind='argument' name='browser' value='chrome'/>
            </parameters>
            <steps>
                <step start='1625737228312' status='passed' stop='1625737228702'>
                    <name>POST /session/:sessionId/elements</name>
                    <title>POST /session/:sessionId/elements</title>
                    <attachments>
                        <attachment title='Request' source='2cb657d6-f998-4260-af96-137e663bdbe6-attachment.json' type='application/json' size='78'/>
                        <attachment title='Response' source='0a62ec69-4819-43e1-8c5c-349d44564097-attachment.json' type='application/json' size='93'/>
                    </attachments>
                    <steps/>
                </step>
            </steps>
            <attachments/>
            <failure>
                <message>Cannot read property 'click' of undefined</message>
                <stack-trace>TypeError: Cannot read property 'click' of undefined
                    at button_ (F:\Automation\Test\test\utilites\helper.js:19:7)
                    at Context.&lt;anonymous> (F:\Automation\Test\test\specs\practice.js:22:9)
                    at Context.executeSync (F:\Automation\Test\node_modules\@wdio\sync\build\index.js:25:22)
                    at F:\Automation\Test\node_modules\@wdio\sync\build\index.js:46:68</stack-trace>
            </failure>
        </test-case>
        <test-case start='1625737228720' status='failed' stop='1625737228775'>
            <name>Entering Information</name>
            <title>Entering Information</title>
            <labels>
                <label name='language' value='javascript'/>
                <label name='framework' value='wdio'/>
                <label name='thread' value='0-0'/>
            </labels>
            <parameters>
                <parameter kind='argument' name='browser' value='chrome'/>
            </parameters>
            <steps>
                <step start='1625737228721' status='passed' stop='1625737228746'>
                    <name>POST /session/:sessionId/element</name>
                    <title>POST /session/:sessionId/element</title>
                    <attachments>
                        <attachment title='Request' source='2e0aba31-17c3-4175-be8e-7136e2f10b6b-attachment.json' type='application/json' size='71'/>
                        <attachment title='Response' source='6faf3874-5e47-46eb-9d36-190001bf4e44-attachment.json' type='application/json' size='83'/>
                    </attachments>
                    <steps/>
                </step>
                <step start='1625737228749' status='passed' stop='1625737228772'>
                    <name>GET /session/:sessionId/element/2f756ac4-56ae-49ef-9883-1a1b811999ee/text</name>
                    <title>GET /session/:sessionId/element/2f756ac4-56ae-49ef-9883-1a1b811999ee/text</title>
                    <attachments>
                        <attachment title='Response' source='d3afda01-a363-435c-bebf-fb6412416a6d-attachment.json' type='application/json' size='97'/>
                    </attachments>
                    <steps/>
                </step>
            </steps>
            <attachments/>
            <failure>
                <message>expected 'PRODUCTS\nNAME (A TO Z)\nName (A to Z)\nName (Z to A)\nPrice (low to high)\nPrice (high to low)' to equal 'CHECKOUT: YOUR INFORMATION'</message>
                <stack-trace>AssertionError: expected 'PRODUCTS\nNAME (A TO Z)\nName (A to Z)\nName (Z to A)\nPrice (low to high)\nPrice (high to low)' to equal 'CHECKOUT: YOUR INFORMATION'
                    at check_ (F:\Automation\Test\test\utilites\helper.js:32:28)
                    at Context.&lt;anonymous> (F:\Automation\Test\test\specs\practice.js:30:9)
                    at Context.executeSync (F:\Automation\Test\node_modules\@wdio\sync\build\index.js:25:22)
                    at F:\Automation\Test\node_modules\@wdio\sync\build\index.js:46:68</stack-trace>
            </failure>
        </test-case>
        <test-case start='1625737228775' status='failed' stop='1625737228839'>
            <name>Finish Order</name>
            <title>Finish Order</title>
            <labels>
                <label name='language' value='javascript'/>
                <label name='framework' value='wdio'/>
                <label name='thread' value='0-0'/>
            </labels>
            <parameters>
                <parameter kind='argument' name='browser' value='chrome'/>
            </parameters>
            <steps>
                <step start='1625737228775' status='passed' stop='1625737228818'>
                    <name>POST /session/:sessionId/element</name>
                    <title>POST /session/:sessionId/element</title>
                    <attachments>
                        <attachment title='Request' source='88ae0ee3-06e2-444a-b79a-797f94f07221-attachment.json' type='application/json' size='71'/>
                        <attachment title='Response' source='d17287c2-12ea-42db-8e26-021d045b2bbc-attachment.json' type='application/json' size='83'/>
                    </attachments>
                    <steps/>
                </step>
                <step start='1625737228821' status='passed' stop='1625737228838'>
                    <name>GET /session/:sessionId/element/2f756ac4-56ae-49ef-9883-1a1b811999ee/text</name>
                    <title>GET /session/:sessionId/element/2f756ac4-56ae-49ef-9883-1a1b811999ee/text</title>
                    <attachments>
                        <attachment title='Response' source='98f71708-cad2-4ef6-b8ee-f6d2f7631f67-attachment.json' type='application/json' size='97'/>
                    </attachments>
                    <steps/>
                </step>
            </steps>
            <attachments/>
            <failure>
                <message>expected 'PRODUCTS\nNAME (A TO Z)\nName (A to Z)\nName (Z to A)\nPrice (low to high)\nPrice (high to low)' to equal 'CHECKOUT: OVERVIEW'</message>
                <stack-trace>AssertionError: expected 'PRODUCTS\nNAME (A TO Z)\nName (A to Z)\nName (Z to A)\nPrice (low to high)\nPrice (high to low)' to equal 'CHECKOUT: OVERVIEW'
                    at check_ (F:\Automation\Test\test\utilites\helper.js:32:28)
                    at Context.&lt;anonymous> (F:\Automation\Test\test\specs\practice.js:38:9)
                    at Context.executeSync (F:\Automation\Test\node_modules\@wdio\sync\build\index.js:25:22)
                    at F:\Automation\Test\node_modules\@wdio\sync\build\index.js:46:68</stack-trace>
            </failure>
        </test-case>
    </test-cases>
</ns2:test-suite>