<?xml version='1.0'?>
<ns2:test-suite xmlns:ns2='urn:model.allure.qatools.yandex.ru' start='1625917439785' stop='1625917445973'>
    <name>Ordering the Product</name>
    <title>Ordering the Product</title>
    <test-cases>
        <test-case start='1625917439785' status='passed' stop='1625917444909'>
            <name>"before all" hook for Ordering the Product</name>
            <title>"before all" hook for Ordering the Product</title>
            <labels>
                <label name='language' value='javascript'/>
                <label name='framework' value='wdio'/>
                <label name='thread' value='0-0'/>
            </labels>
            <parameters>
                <parameter kind='argument' name='browser' value='chrome'/>
            </parameters>
            <steps>
                <step start='1625917439787' status='passed' stop='1625917439998'>
                    <name>POST /session/:sessionId/window/maximize</name>
                    <title>POST /session/:sessionId/window/maximize</title>
                    <attachments>
                        <attachment title='Response' source='36b91f0a-98e0-401f-92f1-5e9a8e78bbba-attachment.json' type='application/json' size='58'/>
                    </attachments>
                    <steps/>
                </step>
                <step start='1625917440007' status='passed' stop='1625917444908'>
                    <name>POST /session/:sessionId/url</name>
                    <title>POST /session/:sessionId/url</title>
                    <attachments>
                        <attachment title='Request' source='31c097f8-3508-443b-bef0-306e0313daee-attachment.json' type='application/json' size='41'/>
                    </attachments>
                    <steps/>
                </step>
            </steps>
            <attachments/>
        </test-case>
        <test-case start='1625917444909' status='passed' stop='1625917445557'>
            <name>Login Functionality </name>
            <title>Login Functionality </title>
            <labels>
                <label name='language' value='javascript'/>
                <label name='framework' value='wdio'/>
                <label name='thread' value='0-0'/>
            </labels>
            <parameters>
                <parameter kind='argument' name='browser' value='chrome'/>
            </parameters>
            <steps>
                <step start='1625917444913' status='passed' stop='1625917444937'>
                    <name>POST /session/:sessionId/element</name>
                    <title>POST /session/:sessionId/element</title>
                    <attachments>
                        <attachment title='Request' source='d1089303-3a0b-4851-b818-57095c93e735-attachment.json' type='application/json' size='54'/>
                        <attachment title='Response' source='4bfa604d-dbbe-4355-81e3-adb961666a12-attachment.json' type='application/json' size='83'/>
                    </attachments>
                    <steps/>
                </step>
                <step start='1625917444944' status='passed' stop='1625917444982'>
                    <name>POST /session/:sessionId/element/c8957069-211e-4c32-9b1f-9d0af1059984/clear</name>
                    <title>POST /session/:sessionId/element/c8957069-211e-4c32-9b1f-9d0af1059984/clear</title>
                    <attachments/>
                    <steps/>
                </step>
                <step start='1625917444987' status='passed' stop='1625917445066'>
                    <name>POST /session/:sessionId/element/c8957069-211e-4c32-9b1f-9d0af1059984/value</name>
                    <title>POST /session/:sessionId/element/c8957069-211e-4c32-9b1f-9d0af1059984/value</title>
                    <attachments>
                        <attachment title='Request' source='d89c40f3-91f6-447a-874f-7df2ae0204ee-attachment.json' type='application/json' size='29'/>
                    </attachments>
                    <steps/>
                </step>
                <step start='1625917445067' status='passed' stop='1625917445083'>
                    <name>POST /session/:sessionId/element</name>
                    <title>POST /session/:sessionId/element</title>
                    <attachments>
                        <attachment title='Request' source='6db3585d-3f7b-4b58-954b-852d394b1198-attachment.json' type='application/json' size='53'/>
                        <attachment title='Response' source='db386029-b28e-4f6a-b35b-5ab09190fbdb-attachment.json' type='application/json' size='83'/>
                    </attachments>
                    <steps/>
                </step>
                <step start='1625917445090' status='passed' stop='1625917445126'>
                    <name>POST /session/:sessionId/element/5034b17e-5ddd-4673-8cd1-707ff58b2db5/clear</name>
                    <title>POST /session/:sessionId/element/5034b17e-5ddd-4673-8cd1-707ff58b2db5/clear</title>
                    <attachments/>
                    <steps/>
                </step>
                <step start='1625917445127' status='passed' stop='1625917445227'>
                    <name>POST /session/:sessionId/element/5034b17e-5ddd-4673-8cd1-707ff58b2db5/value</name>
                    <title>POST /session/:sessionId/element/5034b17e-5ddd-4673-8cd1-707ff58b2db5/value</title>
                    <attachments>
                        <attachment title='Request' source='ee2d30bf-9f66-4450-b4eb-ac5d967032ab-attachment.json' type='application/json' size='28'/>
                    </attachments>
                    <steps/>
                </step>
                <step start='1625917445228' status='passed' stop='1625917445337'>
                    <name>POST /session/:sessionId/element</name>
                    <title>POST /session/:sessionId/element</title>
                    <attachments>
                        <attachment title='Request' source='e03420ed-227d-4b60-a349-1249207b32de-attachment.json' type='application/json' size='57'/>
                        <attachment title='Response' source='0aff1e67-6516-4937-9ee2-53f2be9e87ff-attachment.json' type='application/json' size='83'/>
                    </attachments>
                    <steps/>
                </step>
                <step start='1625917445342' status='passed' stop='1625917445557'>
                    <name>POST /session/:sessionId/element/010a4aed-e07b-421a-a800-56935dc315b1/click</name>
                    <title>POST /session/:sessionId/element/010a4aed-e07b-421a-a800-56935dc315b1/click</title>
                    <attachments/>
                    <steps/>
                </step>
            </steps>
            <attachments/>
        </test-case>
        <test-case start='1625917445558' status='broken' stop='1625917445770'>
            <name>Add cart to checkout</name>
            <title>Add cart to checkout</title>
            <labels>
                <label name='language' value='javascript'/>
                <label name='framework' value='wdio'/>
                <label name='thread' value='0-0'/>
            </labels>
            <parameters>
                <parameter kind='argument' name='browser' value='chrome'/>
            </parameters>
            <steps>
                <step start='1625917445558' status='passed' stop='1625917445578'>
                    <name>POST /session/:sessionId/elements</name>
                    <title>POST /session/:sessionId/elements</title>
                    <attachments>
                        <attachment title='Request' source='29ae4a93-9bbb-43f5-9564-d082657ab533-attachment.json' type='application/json' size='64'/>
                        <attachment title='Response' source='ad66986e-abe1-4ee0-bc31-9ed45c1cb79f-attachment.json' type='application/json' size='548'/>
                    </attachments>
                    <steps/>
                </step>
                <step start='1625917445586' status='passed' stop='1625917445629'>
                    <name>GET /session/:sessionId/element/ac8bc27b-c8ab-4d81-a2ca-f6ce24f488cf/text</name>
                    <title>GET /session/:sessionId/element/ac8bc27b-c8ab-4d81-a2ca-f6ce24f488cf/text</title>
                    <attachments>
                        <attachment title='Response' source='dff6b995-3afd-4db2-a7a1-281f1cad58b9-attachment.json' type='application/json' size='21'/>
                    </attachments>
                    <steps/>
                </step>
                <step start='1625917445629' status='passed' stop='1625917445645'>
                    <name>GET /session/:sessionId/element/2fcd3b3c-7d6f-4124-b735-d3acbd85a0e2/text</name>
                    <title>GET /session/:sessionId/element/2fcd3b3c-7d6f-4124-b735-d3acbd85a0e2/text</title>
                    <attachments>
                        <attachment title='Response' source='f9e1a057-f987-46c9-b173-bd86137b00cf-attachment.json' type='application/json' size='23'/>
                    </attachments>
                    <steps/>
                </step>
                <step start='1625917445645' status='passed' stop='1625917445662'>
                    <name>GET /session/:sessionId/element/5524318f-11bf-44cf-8970-86e75d7051d7/text</name>
                    <title>GET /session/:sessionId/element/5524318f-11bf-44cf-8970-86e75d7051d7/text</title>
                    <attachments>
                        <attachment title='Response' source='5eeaba0c-f0ca-438c-b6e1-8633e040f70d-attachment.json' type='application/json' size='25'/>
                    </attachments>
                    <steps/>
                </step>
                <step start='1625917445662' status='passed' stop='1625917445680'>
                    <name>GET /session/:sessionId/element/4004ec70-de78-43c1-9769-9892756aa2b2/text</name>
                    <title>GET /session/:sessionId/element/4004ec70-de78-43c1-9769-9892756aa2b2/text</title>
                    <attachments>
                        <attachment title='Response' source='f3bbf1aa-4215-40a6-a89b-98204a43e21d-attachment.json' type='application/json' size='26'/>
                    </attachments>
                    <steps/>
                </step>
                <step start='1625917445680' status='passed' stop='1625917445722'>
                    <name>GET /session/:sessionId/element/c07b0289-f99c-4329-8a5f-66d7843623fc/text</name>
                    <title>GET /session/:sessionId/element/c07b0289-f99c-4329-8a5f-66d7843623fc/text</title>
                    <attachments>
                        <attachment title='Response' source='9a2e42bc-3ace-4b96-ad90-666f83a53bf3-attachment.json' type='application/json' size='19'/>
                    </attachments>
                    <steps/>
                </step>
                <step start='1625917445723' status='passed' stop='1625917445767'>
                    <name>GET /session/:sessionId/element/e83b28d5-6bed-402b-9841-2d0918ab1057/text</name>
                    <title>GET /session/:sessionId/element/e83b28d5-6bed-402b-9841-2d0918ab1057/text</title>
                    <attachments>
                        <attachment title='Response' source='c1f23393-55df-4581-9f3d-03d20ba5ccbb-attachment.json' type='application/json' size='35'/>
                    </attachments>
                    <steps/>
                </step>
            </steps>
            <attachments/>
            <failure>
                <message>expect(...).to.have is not a function</message>
                <stack-trace>TypeError: expect(...).to.have is not a function
                    at Context.&lt;anonymous> (F:\Automation\Test\test\specs\automate.js:23:28)
                    at Context.executeSync (F:\Automation\Test\node_modules\@wdio\sync\build\index.js:25:22)
                    at F:\Automation\Test\node_modules\@wdio\sync\build\index.js:46:68</stack-trace>
            </failure>
        </test-case>
        <test-case start='1625917445771' status='failed' stop='1625917445849'>
            <name>Entering Information</name>
            <title>Entering Information</title>
            <labels>
                <label name='language' value='javascript'/>
                <label name='framework' value='wdio'/>
                <label name='thread' value='0-0'/>
            </labels>
            <parameters>
                <parameter kind='argument' name='browser' value='chrome'/>
            </parameters>
            <steps>
                <step start='1625917445772' status='passed' stop='1625917445792'>
                    <name>POST /session/:sessionId/element</name>
                    <title>POST /session/:sessionId/element</title>
                    <attachments>
                        <attachment title='Request' source='cc217107-e46e-4e6a-bd20-d2180ffc666f-attachment.json' type='application/json' size='71'/>
                        <attachment title='Response' source='76d82140-174d-4a63-9b94-1b26c798864c-attachment.json' type='application/json' size='83'/>
                    </attachments>
                    <steps/>
                </step>
                <step start='1625917445794' status='passed' stop='1625917445845'>
                    <name>GET /session/:sessionId/element/d1caf0f0-151e-4a20-9ece-7a9934477dc0/text</name>
                    <title>GET /session/:sessionId/element/d1caf0f0-151e-4a20-9ece-7a9934477dc0/text</title>
                    <attachments>
                        <attachment title='Response' source='69756cb5-73c3-4331-8692-afa312cdcbb9-attachment.json' type='application/json' size='97'/>
                    </attachments>
                    <steps/>
                </step>
            </steps>
            <attachments/>
            <failure>
                <message>expected 'PRODUCTS\nNAME (A TO Z)\nName (A to Z)\nName (Z to A)\nPrice (low to high)\nPrice (high to low)' to equal 'CHECKOUT: YOUR INFORMATION'</message>
                <stack-trace>AssertionError: expected 'PRODUCTS\nNAME (A TO Z)\nName (A to Z)\nName (Z to A)\nPrice (low to high)\nPrice (high to low)' to equal 'CHECKOUT: YOUR INFORMATION'
                    at Context.&lt;anonymous> (F:\Automation\Test\test\specs\automate.js:32:45)
                    at Context.executeSync (F:\Automation\Test\node_modules\@wdio\sync\build\index.js:25:22)
                    at F:\Automation\Test\node_modules\@wdio\sync\build\index.js:46:68</stack-trace>
            </failure>
        </test-case>
        <test-case start='1625917445849' status='failed' stop='1625917445972'>
            <name>Finish Order</name>
            <title>Finish Order</title>
            <labels>
                <label name='language' value='javascript'/>
                <label name='framework' value='wdio'/>
                <label name='thread' value='0-0'/>
            </labels>
            <parameters>
                <parameter kind='argument' name='browser' value='chrome'/>
            </parameters>
            <steps>
                <step start='1625917445850' status='passed' stop='1625917445932'>
                    <name>POST /session/:sessionId/element</name>
                    <title>POST /session/:sessionId/element</title>
                    <attachments>
                        <attachment title='Request' source='47ff05be-8851-4136-90f7-82dcdedf436f-attachment.json' type='application/json' size='71'/>
                        <attachment title='Response' source='83e42cf5-f228-48b3-9b36-489117aa9be9-attachment.json' type='application/json' size='83'/>
                    </attachments>
                    <steps/>
                </step>
                <step start='1625917445940' status='passed' stop='1625917445971'>
                    <name>GET /session/:sessionId/element/d1caf0f0-151e-4a20-9ece-7a9934477dc0/text</name>
                    <title>GET /session/:sessionId/element/d1caf0f0-151e-4a20-9ece-7a9934477dc0/text</title>
                    <attachments>
                        <attachment title='Response' source='685c7cad-8a86-4f17-8e14-35368c5e0b74-attachment.json' type='application/json' size='97'/>
                    </attachments>
                    <steps/>
                </step>
            </steps>
            <attachments/>
            <failure>
                <message>expected 'PRODUCTS\nNAME (A TO Z)\nName (A to Z)\nName (Z to A)\nPrice (low to high)\nPrice (high to low)' to equal 'CHECKOUT: OVERVIEW'</message>
                <stack-trace>AssertionError: expected 'PRODUCTS\nNAME (A TO Z)\nName (A to Z)\nName (Z to A)\nPrice (low to high)\nPrice (high to low)' to equal 'CHECKOUT: OVERVIEW'
                    at Context.&lt;anonymous> (F:\Automation\Test\test\specs\automate.js:40:45)
                    at Context.executeSync (F:\Automation\Test\node_modules\@wdio\sync\build\index.js:25:22)
                    at F:\Automation\Test\node_modules\@wdio\sync\build\index.js:46:68</stack-trace>
            </failure>
        </test-case>
    </test-cases>
</ns2:test-suite>