<?xml version='1.0'?>
<ns2:test-suite xmlns:ns2='urn:model.allure.qatools.yandex.ru' start='1625817117379' stop='1625817121399'>
    <name>Ordering the Product</name>
    <title>Ordering the Product</title>
    <test-cases>
        <test-case start='1625817117379' status='passed' stop='1625817120620'>
            <name>"before all" hook for Ordering the Product</name>
            <title>"before all" hook for Ordering the Product</title>
            <labels>
                <label name='language' value='javascript'/>
                <label name='framework' value='wdio'/>
                <label name='thread' value='0-0'/>
            </labels>
            <parameters>
                <parameter kind='argument' name='browser' value='chrome'/>
            </parameters>
            <steps>
                <step start='1625817117382' status='passed' stop='1625817117684'>
                    <name>POST /session/:sessionId/window/maximize</name>
                    <title>POST /session/:sessionId/window/maximize</title>
                    <attachments>
                        <attachment title='Response' source='01916abd-ad53-41eb-ab89-452536d2d5ba-attachment.json' type='application/json' size='58'/>
                    </attachments>
                    <steps/>
                </step>
                <step start='1625817117687' status='passed' stop='1625817120620'>
                    <name>POST /session/:sessionId/url</name>
                    <title>POST /session/:sessionId/url</title>
                    <attachments>
                        <attachment title='Request' source='3a34fc8f-9b4d-405b-8891-b5ce5735d19e-attachment.json' type='application/json' size='41'/>
                    </attachments>
                    <steps/>
                </step>
            </steps>
            <attachments/>
        </test-case>
        <test-case start='1625817120621' status='passed' stop='1625817121151'>
            <name>Login Functionality </name>
            <title>Login Functionality </title>
            <labels>
                <label name='language' value='javascript'/>
                <label name='framework' value='wdio'/>
                <label name='thread' value='0-0'/>
            </labels>
            <parameters>
                <parameter kind='argument' name='browser' value='chrome'/>
            </parameters>
            <steps>
                <step start='1625817120625' status='passed' stop='1625817120716'>
                    <name>POST /session/:sessionId/element</name>
                    <title>POST /session/:sessionId/element</title>
                    <attachments>
                        <attachment title='Request' source='623040b3-67cd-4b7e-b65c-a42537a2bb7c-attachment.json' type='application/json' size='54'/>
                        <attachment title='Response' source='585da62e-bfba-4c7c-91ad-231a9c6ab1d9-attachment.json' type='application/json' size='83'/>
                    </attachments>
                    <steps/>
                </step>
                <step start='1625817120727' status='passed' stop='1625817120767'>
                    <name>POST /session/:sessionId/element/d9799425-8054-4aab-b5da-be37b7ade594/clear</name>
                    <title>POST /session/:sessionId/element/d9799425-8054-4aab-b5da-be37b7ade594/clear</title>
                    <attachments/>
                    <steps/>
                </step>
                <step start='1625817120770' status='passed' stop='1625817120841'>
                    <name>POST /session/:sessionId/element/d9799425-8054-4aab-b5da-be37b7ade594/value</name>
                    <title>POST /session/:sessionId/element/d9799425-8054-4aab-b5da-be37b7ade594/value</title>
                    <attachments>
                        <attachment title='Request' source='ee3aabc5-8d8d-4f57-b97d-978a1f2abde1-attachment.json' type='application/json' size='29'/>
                    </attachments>
                    <steps/>
                </step>
                <step start='1625817120841' status='passed' stop='1625817120913'>
                    <name>POST /session/:sessionId/element</name>
                    <title>POST /session/:sessionId/element</title>
                    <attachments>
                        <attachment title='Request' source='39a8c0fe-1add-4cb1-a1b6-9638423ed4be-attachment.json' type='application/json' size='53'/>
                        <attachment title='Response' source='0021612b-4b8a-4a8b-b88a-1efa40cd7508-attachment.json' type='application/json' size='83'/>
                    </attachments>
                    <steps/>
                </step>
                <step start='1625817120920' status='passed' stop='1625817120953'>
                    <name>POST /session/:sessionId/element/2b795743-0699-4c79-bbe2-41e474c2122d/clear</name>
                    <title>POST /session/:sessionId/element/2b795743-0699-4c79-bbe2-41e474c2122d/clear</title>
                    <attachments/>
                    <steps/>
                </step>
                <step start='1625817120954' status='passed' stop='1625817121019'>
                    <name>POST /session/:sessionId/element/2b795743-0699-4c79-bbe2-41e474c2122d/value</name>
                    <title>POST /session/:sessionId/element/2b795743-0699-4c79-bbe2-41e474c2122d/value</title>
                    <attachments>
                        <attachment title='Request' source='981a2975-0be3-41b8-879c-bd3477bca272-attachment.json' type='application/json' size='28'/>
                    </attachments>
                    <steps/>
                </step>
                <step start='1625817121020' status='passed' stop='1625817121039'>
                    <name>POST /session/:sessionId/element</name>
                    <title>POST /session/:sessionId/element</title>
                    <attachments>
                        <attachment title='Request' source='830749d6-8c30-451e-abaa-8c5013a03eb3-attachment.json' type='application/json' size='57'/>
                        <attachment title='Response' source='e9f364fb-5300-455b-80b6-0808860c1876-attachment.json' type='application/json' size='83'/>
                    </attachments>
                    <steps/>
                </step>
                <step start='1625817121043' status='passed' stop='1625817121150'>
                    <name>POST /session/:sessionId/element/9103f216-93b4-412c-9a4b-d20dfb107c2f/click</name>
                    <title>POST /session/:sessionId/element/9103f216-93b4-412c-9a4b-d20dfb107c2f/click</title>
                    <attachments/>
                    <steps/>
                </step>
            </steps>
            <attachments/>
        </test-case>
        <test-case start='1625817121151' status='failed' stop='1625817121221'>
            <name>Add cart to checkout</name>
            <title>Add cart to checkout</title>
            <labels>
                <label name='language' value='javascript'/>
                <label name='framework' value='wdio'/>
                <label name='thread' value='0-0'/>
            </labels>
            <parameters>
                <parameter kind='argument' name='browser' value='chrome'/>
            </parameters>
            <steps>
                <step start='1625817121152' status='passed' stop='1625817121183'>
                    <name>POST /session/:sessionId/element</name>
                    <title>POST /session/:sessionId/element</title>
                    <attachments>
                        <attachment title='Request' source='65e57574-738c-4101-9195-e34cad590ae6-attachment.json' type='application/json' size='71'/>
                        <attachment title='Response' source='b959e78f-041a-4a69-b9eb-26f5e9f76cdf-attachment.json' type='application/json' size='83'/>
                    </attachments>
                    <steps/>
                </step>
                <step start='1625817121185' status='passed' stop='1625817121218'>
                    <name>GET /session/:sessionId/element/6a664180-261d-4827-a9d5-72d93c07363e/text</name>
                    <title>GET /session/:sessionId/element/6a664180-261d-4827-a9d5-72d93c07363e/text</title>
                    <attachments>
                        <attachment title='Response' source='f8b4a742-3f3e-4b06-93cd-32ef3d8511b0-attachment.json' type='application/json' size='97'/>
                    </attachments>
                    <steps/>
                </step>
            </steps>
            <attachments/>
            <failure>
                <message>expected 'PRODUCTS\nNAME (A TO Z)\nName (A to Z)\nName (Z to A)\nPrice (low to high)\nPrice (high to low)' to equal 'YOUR CART'</message>
                <stack-trace>AssertionError: expected 'PRODUCTS\nNAME (A TO Z)\nName (A to Z)\nName (Z to A)\nPrice (low to high)\nPrice (high to low)' to equal 'YOUR CART'
                    at Context.&lt;anonymous> (F:\Automation\Test\test\specs\automate.js:20:45)
                    at Context.executeSync (F:\Automation\Test\node_modules\@wdio\sync\build\index.js:25:22)
                    at F:\Automation\Test\node_modules\@wdio\sync\build\index.js:46:68</stack-trace>
            </failure>
        </test-case>
        <test-case start='1625817121221' status='failed' stop='1625817121288'>
            <name>Entering Information</name>
            <title>Entering Information</title>
            <labels>
                <label name='language' value='javascript'/>
                <label name='framework' value='wdio'/>
                <label name='thread' value='0-0'/>
            </labels>
            <parameters>
                <parameter kind='argument' name='browser' value='chrome'/>
            </parameters>
            <steps>
                <step start='1625817121222' status='passed' stop='1625817121264'>
                    <name>POST /session/:sessionId/element</name>
                    <title>POST /session/:sessionId/element</title>
                    <attachments>
                        <attachment title='Request' source='d08efe31-87fc-40b7-8595-7923715a6745-attachment.json' type='application/json' size='71'/>
                        <attachment title='Response' source='798047ff-445f-4c95-a67d-b782d312eb72-attachment.json' type='application/json' size='83'/>
                    </attachments>
                    <steps/>
                </step>
                <step start='1625817121268' status='passed' stop='1625817121288'>
                    <name>GET /session/:sessionId/element/6a664180-261d-4827-a9d5-72d93c07363e/text</name>
                    <title>GET /session/:sessionId/element/6a664180-261d-4827-a9d5-72d93c07363e/text</title>
                    <attachments>
                        <attachment title='Response' source='c0011551-7e28-433d-9c2d-d135606edd8c-attachment.json' type='application/json' size='97'/>
                    </attachments>
                    <steps/>
                </step>
            </steps>
            <attachments/>
            <failure>
                <message>expected 'PRODUCTS\nNAME (A TO Z)\nName (A to Z)\nName (Z to A)\nPrice (low to high)\nPrice (high to low)' to equal 'CHECKOUT: YOUR INFORMATION'</message>
                <stack-trace>AssertionError: expected 'PRODUCTS\nNAME (A TO Z)\nName (A to Z)\nName (Z to A)\nPrice (low to high)\nPrice (high to low)' to equal 'CHECKOUT: YOUR INFORMATION'
                    at Context.&lt;anonymous> (F:\Automation\Test\test\specs\automate.js:30:45)
                    at Context.executeSync (F:\Automation\Test\node_modules\@wdio\sync\build\index.js:25:22)
                    at F:\Automation\Test\node_modules\@wdio\sync\build\index.js:46:68</stack-trace>
            </failure>
        </test-case>
        <test-case start='1625817121289' status='failed' stop='1625817121398'>
            <name>Finish Order</name>
            <title>Finish Order</title>
            <labels>
                <label name='language' value='javascript'/>
                <label name='framework' value='wdio'/>
                <label name='thread' value='0-0'/>
            </labels>
            <parameters>
                <parameter kind='argument' name='browser' value='chrome'/>
            </parameters>
            <steps>
                <step start='1625817121289' status='passed' stop='1625817121308'>
                    <name>POST /session/:sessionId/element</name>
                    <title>POST /session/:sessionId/element</title>
                    <attachments>
                        <attachment title='Request' source='0c0932fe-32d3-4bb9-9af0-608a8354aded-attachment.json' type='application/json' size='71'/>
                        <attachment title='Response' source='24c1b07e-9859-44ee-acb7-4aa8768bc046-attachment.json' type='application/json' size='83'/>
                    </attachments>
                    <steps/>
                </step>
                <step start='1625817121314' status='passed' stop='1625817121397'>
                    <name>GET /session/:sessionId/element/6a664180-261d-4827-a9d5-72d93c07363e/text</name>
                    <title>GET /session/:sessionId/element/6a664180-261d-4827-a9d5-72d93c07363e/text</title>
                    <attachments>
                        <attachment title='Response' source='362d0d96-a85c-44de-ac31-da056f4f0912-attachment.json' type='application/json' size='97'/>
                    </attachments>
                    <steps/>
                </step>
            </steps>
            <attachments/>
            <failure>
                <message>expected 'PRODUCTS\nNAME (A TO Z)\nName (A to Z)\nName (Z to A)\nPrice (low to high)\nPrice (high to low)' to equal 'CHECKOUT: OVERVIEW'</message>
                <stack-trace>AssertionError: expected 'PRODUCTS\nNAME (A TO Z)\nName (A to Z)\nName (Z to A)\nPrice (low to high)\nPrice (high to low)' to equal 'CHECKOUT: OVERVIEW'
                    at Context.&lt;anonymous> (F:\Automation\Test\test\specs\automate.js:38:45)
                    at Context.executeSync (F:\Automation\Test\node_modules\@wdio\sync\build\index.js:25:22)
                    at F:\Automation\Test\node_modules\@wdio\sync\build\index.js:46:68</stack-trace>
            </failure>
        </test-case>
    </test-cases>
</ns2:test-suite>