<?xml version='1.0'?>
<ns2:test-suite xmlns:ns2='urn:model.allure.qatools.yandex.ru' start='1625916974427' stop='1625916979492'>
    <name>Ordering the Product</name>
    <title>Ordering the Product</title>
    <test-cases>
        <test-case start='1625916974427' status='passed' stop='1625916976187'>
            <name>"before all" hook for Ordering the Product</name>
            <title>"before all" hook for Ordering the Product</title>
            <labels>
                <label name='language' value='javascript'/>
                <label name='framework' value='wdio'/>
                <label name='thread' value='0-0'/>
            </labels>
            <parameters>
                <parameter kind='argument' name='browser' value='chrome'/>
            </parameters>
            <steps>
                <step start='1625916975020' status='passed' stop='1625916975189'>
                    <name>POST /session/:sessionId/window/maximize</name>
                    <title>POST /session/:sessionId/window/maximize</title>
                    <attachments>
                        <attachment title='Response' source='c5660bab-b1a7-4907-8d58-9e9f8cda1639-attachment.json' type='application/json' size='58'/>
                    </attachments>
                    <steps/>
                </step>
                <step start='1625916975195' status='passed' stop='1625916976186'>
                    <name>POST /session/:sessionId/url</name>
                    <title>POST /session/:sessionId/url</title>
                    <attachments>
                        <attachment title='Request' source='c747c299-eb85-40dc-877c-623a1b97a575-attachment.json' type='application/json' size='41'/>
                    </attachments>
                    <steps/>
                </step>
            </steps>
            <attachments/>
        </test-case>
        <test-case start='1625916976187' status='passed' stop='1625916978754'>
            <name>Login Functionality </name>
            <title>Login Functionality </title>
            <labels>
                <label name='language' value='javascript'/>
                <label name='framework' value='wdio'/>
                <label name='thread' value='0-0'/>
            </labels>
            <parameters>
                <parameter kind='argument' name='browser' value='chrome'/>
            </parameters>
            <steps>
                <step start='1625916976191' status='passed' stop='1625916976706'>
                    <name>POST /session/:sessionId/element</name>
                    <title>POST /session/:sessionId/element</title>
                    <attachments>
                        <attachment title='Request' source='51415ab1-56df-4aa2-b3a6-819eb90bfbcd-attachment.json' type='application/json' size='54'/>
                        <attachment title='Response' source='f12cde33-6026-4eee-b619-f369ec587884-attachment.json' type='application/json' size='83'/>
                    </attachments>
                    <steps/>
                </step>
                <step start='1625916976715' status='passed' stop='1625916977609'>
                    <name>POST /session/:sessionId/element/73d34efe-dc34-4f3d-bb32-4069c94a7416/clear</name>
                    <title>POST /session/:sessionId/element/73d34efe-dc34-4f3d-bb32-4069c94a7416/clear</title>
                    <attachments/>
                    <steps/>
                </step>
                <step start='1625916977613' status='passed' stop='1625916978142'>
                    <name>POST /session/:sessionId/element/73d34efe-dc34-4f3d-bb32-4069c94a7416/value</name>
                    <title>POST /session/:sessionId/element/73d34efe-dc34-4f3d-bb32-4069c94a7416/value</title>
                    <attachments>
                        <attachment title='Request' source='eef531a7-8c5d-4cb4-9fe2-4e7976cf024a-attachment.json' type='application/json' size='29'/>
                    </attachments>
                    <steps/>
                </step>
                <step start='1625916978142' status='passed' stop='1625916978268'>
                    <name>POST /session/:sessionId/element</name>
                    <title>POST /session/:sessionId/element</title>
                    <attachments>
                        <attachment title='Request' source='6d164126-b33c-47df-a073-631b76ac4be1-attachment.json' type='application/json' size='53'/>
                        <attachment title='Response' source='13009d81-c718-4314-9fd9-df606885330f-attachment.json' type='application/json' size='83'/>
                    </attachments>
                    <steps/>
                </step>
                <step start='1625916978272' status='passed' stop='1625916978308'>
                    <name>POST /session/:sessionId/element/627eb9f6-b0da-4585-bf0e-619c4c848fa2/clear</name>
                    <title>POST /session/:sessionId/element/627eb9f6-b0da-4585-bf0e-619c4c848fa2/clear</title>
                    <attachments/>
                    <steps/>
                </step>
                <step start='1625916978308' status='passed' stop='1625916978367'>
                    <name>POST /session/:sessionId/element/627eb9f6-b0da-4585-bf0e-619c4c848fa2/value</name>
                    <title>POST /session/:sessionId/element/627eb9f6-b0da-4585-bf0e-619c4c848fa2/value</title>
                    <attachments>
                        <attachment title='Request' source='0bee11df-b8b0-4bb5-ad52-17e4e6b38f2e-attachment.json' type='application/json' size='28'/>
                    </attachments>
                    <steps/>
                </step>
                <step start='1625916978367' status='passed' stop='1625916978578'>
                    <name>POST /session/:sessionId/element</name>
                    <title>POST /session/:sessionId/element</title>
                    <attachments>
                        <attachment title='Request' source='61adcd6c-d2e8-46ab-b394-5c3bcdff4dbe-attachment.json' type='application/json' size='57'/>
                        <attachment title='Response' source='9529c8ed-21a5-4041-8858-e7c5f3ee404f-attachment.json' type='application/json' size='83'/>
                    </attachments>
                    <steps/>
                </step>
                <step start='1625916978590' status='passed' stop='1625916978753'>
                    <name>POST /session/:sessionId/element/13e57dba-3b4e-4246-9a8b-d08dfa4d6450/click</name>
                    <title>POST /session/:sessionId/element/13e57dba-3b4e-4246-9a8b-d08dfa4d6450/click</title>
                    <attachments/>
                    <steps/>
                </step>
            </steps>
            <attachments/>
        </test-case>
        <test-case start='1625916978754' status='broken' stop='1625916979358'>
            <name>Add cart to checkout</name>
            <title>Add cart to checkout</title>
            <labels>
                <label name='language' value='javascript'/>
                <label name='framework' value='wdio'/>
                <label name='thread' value='0-0'/>
            </labels>
            <parameters>
                <parameter kind='argument' name='browser' value='chrome'/>
            </parameters>
            <steps>
                <step start='1625916978755' status='passed' stop='1625916978774'>
                    <name>POST /session/:sessionId/elements</name>
                    <title>POST /session/:sessionId/elements</title>
                    <attachments>
                        <attachment title='Request' source='9022fe93-3291-49a1-a802-828a33f36ec3-attachment.json' type='application/json' size='64'/>
                        <attachment title='Response' source='5f50cffc-92ce-4d0c-85ca-bcb4262d5ed1-attachment.json' type='application/json' size='548'/>
                    </attachments>
                    <steps/>
                </step>
                <step start='1625916978793' status='passed' stop='1625916978932'>
                    <name>GET /session/:sessionId/element/f33fa90b-883d-40dc-9f58-445c68b278ab/text</name>
                    <title>GET /session/:sessionId/element/f33fa90b-883d-40dc-9f58-445c68b278ab/text</title>
                    <attachments>
                        <attachment title='Response' source='7b1ac393-1720-4743-b9ff-4f7e3a564496-attachment.json' type='application/json' size='21'/>
                    </attachments>
                    <steps/>
                </step>
                <step start='1625916978933' status='passed' stop='1625916979113'>
                    <name>GET /session/:sessionId/element/cda623f9-ae6f-4e69-9305-db3fe7e17443/text</name>
                    <title>GET /session/:sessionId/element/cda623f9-ae6f-4e69-9305-db3fe7e17443/text</title>
                    <attachments>
                        <attachment title='Response' source='cd743a0e-cf5d-4434-9d2b-1073a807d4ee-attachment.json' type='application/json' size='23'/>
                    </attachments>
                    <steps/>
                </step>
                <step start='1625916979113' status='passed' stop='1625916979137'>
                    <name>GET /session/:sessionId/element/b4f8142c-7b82-47a7-ac4a-be3041cee532/text</name>
                    <title>GET /session/:sessionId/element/b4f8142c-7b82-47a7-ac4a-be3041cee532/text</title>
                    <attachments>
                        <attachment title='Response' source='7445a771-7584-4137-99c5-60f46a2b6870-attachment.json' type='application/json' size='25'/>
                    </attachments>
                    <steps/>
                </step>
                <step start='1625916979137' status='passed' stop='1625916979156'>
                    <name>GET /session/:sessionId/element/4cca15ff-818b-46d0-81f4-5142faed3b7b/text</name>
                    <title>GET /session/:sessionId/element/4cca15ff-818b-46d0-81f4-5142faed3b7b/text</title>
                    <attachments>
                        <attachment title='Response' source='ce45346a-6643-4eeb-8ab7-d42feab61ee4-attachment.json' type='application/json' size='26'/>
                    </attachments>
                    <steps/>
                </step>
                <step start='1625916979157' status='passed' stop='1625916979174'>
                    <name>GET /session/:sessionId/element/50996b12-46e5-4527-a7cd-5910d181d7c0/text</name>
                    <title>GET /session/:sessionId/element/50996b12-46e5-4527-a7cd-5910d181d7c0/text</title>
                    <attachments>
                        <attachment title='Response' source='2907af25-39a5-4581-a667-b93fe7241577-attachment.json' type='application/json' size='19'/>
                    </attachments>
                    <steps/>
                </step>
                <step start='1625916979174' status='passed' stop='1625916979338'>
                    <name>GET /session/:sessionId/element/5e4cc407-5c91-4973-a0bd-c92b0cce2270/text</name>
                    <title>GET /session/:sessionId/element/5e4cc407-5c91-4973-a0bd-c92b0cce2270/text</title>
                    <attachments>
                        <attachment title='Response' source='65d7e275-9539-4e6b-b17d-f1540b5a2413-attachment.json' type='application/json' size='35'/>
                    </attachments>
                    <steps/>
                </step>
            </steps>
            <attachments/>
            <failure>
                <message>Cannot read property '0' of undefined</message>
                <stack-trace>TypeError: Cannot read property '0' of undefined
                    at Context.&lt;anonymous> (F:\Automation\Test\test\specs\automate.js:23:45)
                    at Context.executeSync (F:\Automation\Test\node_modules\@wdio\sync\build\index.js:25:22)
                    at F:\Automation\Test\node_modules\@wdio\sync\build\index.js:46:68</stack-trace>
            </failure>
        </test-case>
        <test-case start='1625916979359' status='failed' stop='1625916979424'>
            <name>Entering Information</name>
            <title>Entering Information</title>
            <labels>
                <label name='language' value='javascript'/>
                <label name='framework' value='wdio'/>
                <label name='thread' value='0-0'/>
            </labels>
            <parameters>
                <parameter kind='argument' name='browser' value='chrome'/>
            </parameters>
            <steps>
                <step start='1625916979361' status='passed' stop='1625916979398'>
                    <name>POST /session/:sessionId/element</name>
                    <title>POST /session/:sessionId/element</title>
                    <attachments>
                        <attachment title='Request' source='cbc354d6-c803-416b-b0b3-f2d007183952-attachment.json' type='application/json' size='71'/>
                        <attachment title='Response' source='10db5844-2ac9-496d-9074-97fe50f040bf-attachment.json' type='application/json' size='83'/>
                    </attachments>
                    <steps/>
                </step>
                <step start='1625916979401' status='passed' stop='1625916979421'>
                    <name>GET /session/:sessionId/element/2d3814ea-d92b-415f-8cbd-4ef1b4bc1039/text</name>
                    <title>GET /session/:sessionId/element/2d3814ea-d92b-415f-8cbd-4ef1b4bc1039/text</title>
                    <attachments>
                        <attachment title='Response' source='6eca1ccf-f1fa-4d09-a84a-5f933c7d227c-attachment.json' type='application/json' size='97'/>
                    </attachments>
                    <steps/>
                </step>
            </steps>
            <attachments/>
            <failure>
                <message>expected 'PRODUCTS\nNAME (A TO Z)\nName (A to Z)\nName (Z to A)\nPrice (low to high)\nPrice (high to low)' to equal 'CHECKOUT: YOUR INFORMATION'</message>
                <stack-trace>AssertionError: expected 'PRODUCTS\nNAME (A TO Z)\nName (A to Z)\nName (Z to A)\nPrice (low to high)\nPrice (high to low)' to equal 'CHECKOUT: YOUR INFORMATION'
                    at Context.&lt;anonymous> (F:\Automation\Test\test\specs\automate.js:32:45)
                    at Context.executeSync (F:\Automation\Test\node_modules\@wdio\sync\build\index.js:25:22)
                    at F:\Automation\Test\node_modules\@wdio\sync\build\index.js:46:68</stack-trace>
            </failure>
        </test-case>
        <test-case start='1625916979424' status='failed' stop='1625916979490'>
            <name>Finish Order</name>
            <title>Finish Order</title>
            <labels>
                <label name='language' value='javascript'/>
                <label name='framework' value='wdio'/>
                <label name='thread' value='0-0'/>
            </labels>
            <parameters>
                <parameter kind='argument' name='browser' value='chrome'/>
            </parameters>
            <steps>
                <step start='1625916979425' status='passed' stop='1625916979440'>
                    <name>POST /session/:sessionId/element</name>
                    <title>POST /session/:sessionId/element</title>
                    <attachments>
                        <attachment title='Request' source='5733298f-7dd3-4f36-bb9d-99c7e2671fa6-attachment.json' type='application/json' size='71'/>
                        <attachment title='Response' source='083a7b53-bfe6-4f59-b4e8-58b2f4b78661-attachment.json' type='application/json' size='83'/>
                    </attachments>
                    <steps/>
                </step>
                <step start='1625916979444' status='passed' stop='1625916979489'>
                    <name>GET /session/:sessionId/element/2d3814ea-d92b-415f-8cbd-4ef1b4bc1039/text</name>
                    <title>GET /session/:sessionId/element/2d3814ea-d92b-415f-8cbd-4ef1b4bc1039/text</title>
                    <attachments>
                        <attachment title='Response' source='ed66bd7d-fd2c-4918-a9d8-2ac608916415-attachment.json' type='application/json' size='97'/>
                    </attachments>
                    <steps/>
                </step>
            </steps>
            <attachments/>
            <failure>
                <message>expected 'PRODUCTS\nNAME (A TO Z)\nName (A to Z)\nName (Z to A)\nPrice (low to high)\nPrice (high to low)' to equal 'CHECKOUT: OVERVIEW'</message>
                <stack-trace>AssertionError: expected 'PRODUCTS\nNAME (A TO Z)\nName (A to Z)\nName (Z to A)\nPrice (low to high)\nPrice (high to low)' to equal 'CHECKOUT: OVERVIEW'
                    at Context.&lt;anonymous> (F:\Automation\Test\test\specs\automate.js:40:45)
                    at Context.executeSync (F:\Automation\Test\node_modules\@wdio\sync\build\index.js:25:22)
                    at F:\Automation\Test\node_modules\@wdio\sync\build\index.js:46:68</stack-trace>
            </failure>
        </test-case>
    </test-cases>
</ns2:test-suite>