<?xml version='1.0'?>
<ns2:test-suite xmlns:ns2='urn:model.allure.qatools.yandex.ru' start='1625737124249' stop='1625737132054'>
    <name>Ordering the Product</name>
    <title>Ordering the Product</title>
    <test-cases>
        <test-case start='1625737124249' status='passed' stop='1625737130588'>
            <name>"before all" hook for Ordering the Product</name>
            <title>"before all" hook for Ordering the Product</title>
            <labels>
                <label name='language' value='javascript'/>
                <label name='framework' value='wdio'/>
                <label name='thread' value='0-0'/>
            </labels>
            <parameters>
                <parameter kind='argument' name='browser' value='chrome'/>
            </parameters>
            <steps>
                <step start='1625737125597' status='passed' stop='1625737125822'>
                    <name>POST /session/:sessionId/window/maximize</name>
                    <title>POST /session/:sessionId/window/maximize</title>
                    <attachments>
                        <attachment title='Response' source='4c1b82c8-f220-4d7e-aff4-ea705bf68a59-attachment.json' type='application/json' size='58'/>
                    </attachments>
                    <steps/>
                </step>
                <step start='1625737125860' status='passed' stop='1625737130588'>
                    <name>POST /session/:sessionId/url</name>
                    <title>POST /session/:sessionId/url</title>
                    <attachments>
                        <attachment title='Request' source='f7d5115d-d967-4158-9de0-ae83f37c01dc-attachment.json' type='application/json' size='41'/>
                    </attachments>
                    <steps/>
                </step>
            </steps>
            <attachments/>
        </test-case>
        <test-case start='1625737130589' status='passed' stop='1625737131236'>
            <name>Login Functionality </name>
            <title>Login Functionality </title>
            <labels>
                <label name='language' value='javascript'/>
                <label name='framework' value='wdio'/>
                <label name='thread' value='0-0'/>
            </labels>
            <parameters>
                <parameter kind='argument' name='browser' value='chrome'/>
            </parameters>
            <steps>
                <step start='1625737130592' status='passed' stop='1625737130728'>
                    <name>POST /session/:sessionId/element</name>
                    <title>POST /session/:sessionId/element</title>
                    <attachments>
                        <attachment title='Request' source='5ab4964f-c713-4360-8682-bc73a3b3c188-attachment.json' type='application/json' size='54'/>
                        <attachment title='Response' source='2dac0b5a-ea86-45d4-8af3-9de7946c83be-attachment.json' type='application/json' size='83'/>
                    </attachments>
                    <steps/>
                </step>
                <step start='1625737130738' status='passed' stop='1625737130777'>
                    <name>POST /session/:sessionId/element/439922ee-38b8-4c96-bcf0-152d88097029/clear</name>
                    <title>POST /session/:sessionId/element/439922ee-38b8-4c96-bcf0-152d88097029/clear</title>
                    <attachments/>
                    <steps/>
                </step>
                <step start='1625737130815' status='passed' stop='1625737130891'>
                    <name>POST /session/:sessionId/element/439922ee-38b8-4c96-bcf0-152d88097029/value</name>
                    <title>POST /session/:sessionId/element/439922ee-38b8-4c96-bcf0-152d88097029/value</title>
                    <attachments>
                        <attachment title='Request' source='23d507ac-65c4-49a9-b5f3-6f0023983a8b-attachment.json' type='application/json' size='29'/>
                    </attachments>
                    <steps/>
                </step>
                <step start='1625737130891' status='passed' stop='1625737130950'>
                    <name>POST /session/:sessionId/element</name>
                    <title>POST /session/:sessionId/element</title>
                    <attachments>
                        <attachment title='Request' source='7912da4b-4fb4-4afe-b757-12c29e6325e2-attachment.json' type='application/json' size='53'/>
                        <attachment title='Response' source='a7ca9ac0-d4b6-4d30-bcfa-a1d71914c114-attachment.json' type='application/json' size='83'/>
                    </attachments>
                    <steps/>
                </step>
                <step start='1625737130957' status='passed' stop='1625737130993'>
                    <name>POST /session/:sessionId/element/9ba4d2e9-02ef-44cd-85b7-f4ae0e974cff/clear</name>
                    <title>POST /session/:sessionId/element/9ba4d2e9-02ef-44cd-85b7-f4ae0e974cff/clear</title>
                    <attachments/>
                    <steps/>
                </step>
                <step start='1625737130993' status='passed' stop='1625737131056'>
                    <name>POST /session/:sessionId/element/9ba4d2e9-02ef-44cd-85b7-f4ae0e974cff/value</name>
                    <title>POST /session/:sessionId/element/9ba4d2e9-02ef-44cd-85b7-f4ae0e974cff/value</title>
                    <attachments>
                        <attachment title='Request' source='536cc47f-77c5-46f8-8cb5-517cf84ee563-attachment.json' type='application/json' size='28'/>
                    </attachments>
                    <steps/>
                </step>
                <step start='1625737131097' status='passed' stop='1625737131116'>
                    <name>POST /session/:sessionId/element</name>
                    <title>POST /session/:sessionId/element</title>
                    <attachments>
                        <attachment title='Request' source='4343d8c1-9862-4c20-ad28-e64782bafedd-attachment.json' type='application/json' size='57'/>
                        <attachment title='Response' source='61619d8a-6850-45f5-9192-a29f53703749-attachment.json' type='application/json' size='83'/>
                    </attachments>
                    <steps/>
                </step>
                <step start='1625737131120' status='passed' stop='1625737131235'>
                    <name>POST /session/:sessionId/element/e629354e-46c9-455b-b44f-315868cbebe7/click</name>
                    <title>POST /session/:sessionId/element/e629354e-46c9-455b-b44f-315868cbebe7/click</title>
                    <attachments/>
                    <steps/>
                </step>
            </steps>
            <attachments/>
        </test-case>
        <test-case start='1625737131236' status='broken' stop='1625737131480'>
            <name>Add cart to checkout</name>
            <title>Add cart to checkout</title>
            <labels>
                <label name='language' value='javascript'/>
                <label name='framework' value='wdio'/>
                <label name='thread' value='0-0'/>
            </labels>
            <parameters>
                <parameter kind='argument' name='browser' value='chrome'/>
            </parameters>
            <steps>
                <step start='1625737131237' status='passed' stop='1625737131476'>
                    <name>POST /session/:sessionId/elements</name>
                    <title>POST /session/:sessionId/elements</title>
                    <attachments>
                        <attachment title='Request' source='96a54822-d54f-46fe-a8f6-14e4c0e4ce99-attachment.json' type='application/json' size='78'/>
                        <attachment title='Response' source='edd4ff9c-72cb-4d83-a800-c805d764a844-attachment.json' type='application/json' size='93'/>
                    </attachments>
                    <steps/>
                </step>
            </steps>
            <attachments/>
            <failure>
                <message>Cannot read property 'click' of undefined</message>
                <stack-trace>TypeError: Cannot read property 'click' of undefined
                    at button_ (F:\Automation\Test\test\utilites\helper.js:19:7)
                    at Context.&lt;anonymous> (F:\Automation\Test\test\specs\practice.js:22:9)
                    at Context.executeSync (F:\Automation\Test\node_modules\@wdio\sync\build\index.js:25:22)
                    at F:\Automation\Test\node_modules\@wdio\sync\build\index.js:46:68</stack-trace>
            </failure>
        </test-case>
        <test-case start='1625737131480' status='failed' stop='1625737132012'>
            <name>Entering Information</name>
            <title>Entering Information</title>
            <labels>
                <label name='language' value='javascript'/>
                <label name='framework' value='wdio'/>
                <label name='thread' value='0-0'/>
            </labels>
            <parameters>
                <parameter kind='argument' name='browser' value='chrome'/>
            </parameters>
            <steps>
                <step start='1625737131480' status='passed' stop='1625737131500'>
                    <name>POST /session/:sessionId/element</name>
                    <title>POST /session/:sessionId/element</title>
                    <attachments>
                        <attachment title='Request' source='6197a4de-3f44-4437-b0ad-896c5ee5eb6a-attachment.json' type='application/json' size='71'/>
                        <attachment title='Response' source='9fc5e862-d6fa-4a7a-89c2-557d05e0be26-attachment.json' type='application/json' size='83'/>
                    </attachments>
                    <steps/>
                </step>
                <step start='1625737131504' status='passed' stop='1625737131971'>
                    <name>GET /session/:sessionId/element/281de94f-ef23-48d9-9048-f2afd4e15012/text</name>
                    <title>GET /session/:sessionId/element/281de94f-ef23-48d9-9048-f2afd4e15012/text</title>
                    <attachments>
                        <attachment title='Response' source='c1f0a97d-2bc3-4a56-afa3-bc1ba70f811c-attachment.json' type='application/json' size='97'/>
                    </attachments>
                    <steps/>
                </step>
            </steps>
            <attachments/>
            <failure>
                <message>expected 'PRODUCTS\nNAME (A TO Z)\nName (A to Z)\nName (Z to A)\nPrice (low to high)\nPrice (high to low)' to equal 'CHECKOUT: YOUR INFORMATION'</message>
                <stack-trace>AssertionError: expected 'PRODUCTS\nNAME (A TO Z)\nName (A to Z)\nName (Z to A)\nPrice (low to high)\nPrice (high to low)' to equal 'CHECKOUT: YOUR INFORMATION'
                    at check_ (F:\Automation\Test\test\utilites\helper.js:32:28)
                    at Context.&lt;anonymous> (F:\Automation\Test\test\specs\practice.js:30:9)
                    at Context.executeSync (F:\Automation\Test\node_modules\@wdio\sync\build\index.js:25:22)
                    at F:\Automation\Test\node_modules\@wdio\sync\build\index.js:46:68</stack-trace>
            </failure>
        </test-case>
        <test-case start='1625737132013' status='failed' stop='1625737132053'>
            <name>Finish Order</name>
            <title>Finish Order</title>
            <labels>
                <label name='language' value='javascript'/>
                <label name='framework' value='wdio'/>
                <label name='thread' value='0-0'/>
            </labels>
            <parameters>
                <parameter kind='argument' name='browser' value='chrome'/>
            </parameters>
            <steps>
                <step start='1625737132013' status='passed' stop='1625737132034'>
                    <name>POST /session/:sessionId/element</name>
                    <title>POST /session/:sessionId/element</title>
                    <attachments>
                        <attachment title='Request' source='b0574344-fbfb-4954-94fd-ac5f59dcd9d8-attachment.json' type='application/json' size='71'/>
                        <attachment title='Response' source='b409e0ef-f822-46ee-9117-cbf371071f18-attachment.json' type='application/json' size='83'/>
                    </attachments>
                    <steps/>
                </step>
                <step start='1625737132038' status='passed' stop='1625737132052'>
                    <name>GET /session/:sessionId/element/281de94f-ef23-48d9-9048-f2afd4e15012/text</name>
                    <title>GET /session/:sessionId/element/281de94f-ef23-48d9-9048-f2afd4e15012/text</title>
                    <attachments>
                        <attachment title='Response' source='675e359d-6a3d-4942-8878-c86990054832-attachment.json' type='application/json' size='97'/>
                    </attachments>
                    <steps/>
                </step>
            </steps>
            <attachments/>
            <failure>
                <message>expected 'PRODUCTS\nNAME (A TO Z)\nName (A to Z)\nName (Z to A)\nPrice (low to high)\nPrice (high to low)' to equal 'CHECKOUT: OVERVIEW'</message>
                <stack-trace>AssertionError: expected 'PRODUCTS\nNAME (A TO Z)\nName (A to Z)\nName (Z to A)\nPrice (low to high)\nPrice (high to low)' to equal 'CHECKOUT: OVERVIEW'
                    at check_ (F:\Automation\Test\test\utilites\helper.js:32:28)
                    at Context.&lt;anonymous> (F:\Automation\Test\test\specs\practice.js:38:9)
                    at Context.executeSync (F:\Automation\Test\node_modules\@wdio\sync\build\index.js:25:22)
                    at F:\Automation\Test\node_modules\@wdio\sync\build\index.js:46:68</stack-trace>
            </failure>
        </test-case>
    </test-cases>
</ns2:test-suite>